2019-08-01 23:08:58,806 [INFO] from play.api.db.DefaultDBApi in play-dev-mode-akka.actor.default-dispatcher-7 - Database [default] initialized at jdbc:mysql://localhost:3306/emprestimos
2019-08-01 23:08:58,821 [INFO] from application in play-dev-mode-akka.actor.default-dispatcher-7 - Creating Pool for datasource 'default'
2019-08-01 23:08:58,984 [INFO] from play.api.db.HikariCPConnectionPool in play-dev-mode-akka.actor.default-dispatcher-7 - datasource [default] bound to JNDI as DefaultDS
2019-08-01 23:09:01,834 [INFO] from play.api.http.EnabledFilters in play-dev-mode-akka.actor.default-dispatcher-7 - Enabled Filters (see <https://www.playframework.com/documentation/latest/Filters>):

    play.filters.csrf.CSRFFilter
    play.filters.headers.SecurityHeadersFilter
    play.filters.hosts.AllowedHostsFilter

2019-08-01 23:09:01,897 [INFO] from play.api.Play in play-dev-mode-akka.actor.default-dispatcher-7 - Application started (Dev) (no global state)
2019-08-01 23:09:02,163 [ERROR] from play.api.db.evolutions.DefaultEvolutionsApi in play-dev-mode-akka.actor.default-dispatcher-7 - You have an error in your SQL syntax; check the manual that corresponds to your MariaDB server version for the right syntax to use near 'delimiter $$
--
-- PROCEDURE: usp_ebean_drop_foreign_keys TABLE, COLUMN
-- delet' at line 1 [ERROR:1064, SQLSTATE:42000]
2019-08-01 23:09:02,179 [ERROR] from application in play-dev-mode-akka.actor.default-dispatcher-7 - 

! @7cl3f2445 - Internal server error, for (GET) [/] ->
 
play.api.db.evolutions.InconsistentDatabase: Database 'default' is in an inconsistent state![An evolution has not been applied properly. Please check the problem and resolve it manually before marking it as resolved.]
	at play.api.db.evolutions.DatabaseEvolutions.$anonfun$checkEvolutionsState$3(EvolutionsApi.scala:309)
	at play.api.db.evolutions.DatabaseEvolutions.$anonfun$checkEvolutionsState$3$adapted(EvolutionsApi.scala:294)
	at play.api.db.evolutions.DatabaseEvolutions.executeQuery(EvolutionsApi.scala:341)
	at play.api.db.evolutions.DatabaseEvolutions.checkEvolutionsState(EvolutionsApi.scala:294)
	at play.api.db.evolutions.DatabaseEvolutions.evolve(EvolutionsApi.scala:263)
	at play.api.db.evolutions.DefaultEvolutionsApi.evolve(EvolutionsApi.scala:104)
	at play.api.db.evolutions.EvolutionsWebCommands.$anonfun$handleWebCommand$5(ApplicationEvolutions.scala:526)
	at play.api.db.evolutions.EvolutionsWebCommands.$anonfun$handleWebCommand$5$adapted(ApplicationEvolutions.scala:522)
	at play.api.db.evolutions.ApplicationEvolutions$.$anonfun$runEvolutions$1(ApplicationEvolutions.scala:211)
	at play.api.db.evolutions.ApplicationEvolutions$.withLock(ApplicationEvolutions.scala:232)
	at play.api.db.evolutions.ApplicationEvolutions$.runEvolutions(ApplicationEvolutions.scala:202)
	at play.api.db.evolutions.EvolutionsWebCommands.$anonfun$handleWebCommand$4(ApplicationEvolutions.scala:522)
	at play.api.db.evolutions.EvolutionsWebCommands.$anonfun$handleWebCommand$4$adapted(ApplicationEvolutions.scala:517)
	at scala.collection.immutable.List.foreach(List.scala:392)
	at play.api.db.evolutions.EvolutionsWebCommands.handleWebCommand(ApplicationEvolutions.scala:517)
	at play.core.DefaultWebCommands.$anonfun$handleWebCommand$1(WebCommands.scala:42)
	at scala.collection.immutable.Stream.flatMap(Stream.scala:489)
	at play.core.DefaultWebCommands.handleWebCommand(WebCommands.scala:42)
	at play.api.http.DefaultHttpRequestHandler.$anonfun$handlerForRequest$4(HttpRequestHandler.scala:204)
	at scala.Option.flatMap(Option.scala:188)
	at play.api.http.DefaultHttpRequestHandler.handlerForRequest(HttpRequestHandler.scala:203)
	at play.core.server.Server$.getHandlerFor(Server.scala:121)
	at play.core.server.AkkaHttpServer.handleRequest(AkkaHttpServer.scala:319)
	at play.core.server.AkkaHttpServer.$anonfun$createServerBinding$1(AkkaHttpServer.scala:189)
	at akka.stream.impl.fusing.MapAsync$$anon$30.onPush(Ops.scala:1261)
	at akka.stream.impl.fusing.GraphInterpreter.processPush(GraphInterpreter.scala:523)
	at akka.stream.impl.fusing.GraphInterpreter.execute(GraphInterpreter.scala:409)
	at akka.stream.impl.fusing.GraphInterpreterShell.runBatch(ActorGraphInterpreter.scala:606)
	at akka.stream.impl.fusing.GraphInterpreterShell$AsyncInput.execute(ActorGraphInterpreter.scala:485)
	at akka.stream.impl.fusing.GraphInterpreterShell.processEvent(ActorGraphInterpreter.scala:581)
	at akka.stream.impl.fusing.ActorGraphInterpreter.akka$stream$impl$fusing$ActorGraphInterpreter$$processEvent(ActorGraphInterpreter.scala:749)
	at akka.stream.impl.fusing.ActorGraphInterpreter$$anonfun$receive$1.applyOrElse(ActorGraphInterpreter.scala:764)
	at akka.actor.Actor.aroundReceive(Actor.scala:539)
	at akka.actor.Actor.aroundReceive$(Actor.scala:537)
	at akka.stream.impl.fusing.ActorGraphInterpreter.aroundReceive(ActorGraphInterpreter.scala:671)
	at akka.actor.ActorCell.receiveMessage(ActorCell.scala:612)
	at akka.actor.ActorCell.invoke(ActorCell.scala:581)
	at akka.dispatch.Mailbox.processMailbox(Mailbox.scala:268)
	at akka.dispatch.Mailbox.run(Mailbox.scala:229)
	at akka.dispatch.Mailbox.exec(Mailbox.scala:241)
	at akka.dispatch.forkjoin.ForkJoinTask.doExec(ForkJoinTask.java:260)
	at akka.dispatch.forkjoin.ForkJoinPool$WorkQueue.runTask(ForkJoinPool.java:1339)
	at akka.dispatch.forkjoin.ForkJoinPool.runWorker(ForkJoinPool.java:1979)
	at akka.dispatch.forkjoin.ForkJoinWorkerThread.run(ForkJoinWorkerThread.java:107)
2019-08-01 23:14:12,688 [INFO] from application in application-akka.actor.default-dispatcher-2 - Shutting down connection pool.
2019-08-01 23:14:13,248 [INFO] from play.api.db.DefaultDBApi in play-dev-mode-akka.actor.default-dispatcher-12 - Database [default] initialized at jdbc:mysql://localhost:3306/emprestimos
2019-08-01 23:14:13,248 [INFO] from application in play-dev-mode-akka.actor.default-dispatcher-12 - Creating Pool for datasource 'default'
2019-08-01 23:14:13,253 [INFO] from play.api.db.HikariCPConnectionPool in play-dev-mode-akka.actor.default-dispatcher-12 - datasource [default] bound to JNDI as DefaultDS
2019-08-01 23:14:13,479 [ERROR] from play.api.db.evolutions.DefaultEvolutionsApi in play-dev-mode-akka.actor.default-dispatcher-12 - You have an error in your SQL syntax; check the manual that corresponds to your MariaDB server version for the right syntax to use near 'delimiter $$
--
-- PROCEDURE: usp_ebean_drop_foreign_keys TABLE, COLUMN
-- delet' at line 1 [ERROR:1064, SQLSTATE:42000]
2019-08-01 23:14:13,715 [ERROR] from application in play-dev-mode-akka.actor.default-dispatcher-12 - 

! @7cl3fjmhf - Internal server error, for (GET) [/@evolutions/resolve/default/1?redirect=http%3A%2F%2Flocalhost%3A9000%2F] ->
 
play.api.db.evolutions.InconsistentDatabase: Database 'default' is in an inconsistent state![An evolution has not been applied properly. Please check the problem and resolve it manually before marking it as resolved.]
	at play.api.db.evolutions.DatabaseEvolutions.$anonfun$checkEvolutionsState$3(EvolutionsApi.scala:309)
	at play.api.db.evolutions.DatabaseEvolutions.$anonfun$checkEvolutionsState$3$adapted(EvolutionsApi.scala:294)
	at play.api.db.evolutions.DatabaseEvolutions.executeQuery(EvolutionsApi.scala:341)
	at play.api.db.evolutions.DatabaseEvolutions.checkEvolutionsState(EvolutionsApi.scala:294)
	at play.api.db.evolutions.DatabaseEvolutions.databaseEvolutions(EvolutionsApi.scala:145)
	at play.api.db.evolutions.DatabaseEvolutions.scripts(EvolutionsApi.scala:120)
	at play.api.db.evolutions.DatabaseEvolutions.scripts(EvolutionsApi.scala:135)
	at play.api.db.evolutions.DefaultEvolutionsApi.scripts(EvolutionsApi.scala:99)
	at play.api.db.evolutions.ApplicationEvolutions$.$anonfun$runEvolutions$1(ApplicationEvolutions.scala:206)
	at play.api.db.evolutions.ApplicationEvolutions$.withLock(ApplicationEvolutions.scala:232)
	at play.api.db.evolutions.ApplicationEvolutions$.runEvolutions(ApplicationEvolutions.scala:202)
	at play.api.db.evolutions.ApplicationEvolutions.$anonfun$start$1(ApplicationEvolutions.scala:68)
	at play.api.db.evolutions.ApplicationEvolutions.$anonfun$start$1$adapted(ApplicationEvolutions.scala:63)
	at scala.collection.immutable.List.foreach(List.scala:392)
	at play.api.db.evolutions.ApplicationEvolutions.start(ApplicationEvolutions.scala:63)
	at play.api.db.evolutions.ApplicationEvolutions.<init>(ApplicationEvolutions.scala:109)
	at play.api.db.evolutions.ApplicationEvolutionsProvider.get$lzycompute(EvolutionsModule.scala:68)
	at play.api.db.evolutions.ApplicationEvolutionsProvider.get(EvolutionsModule.scala:61)
	at play.api.db.evolutions.ApplicationEvolutionsProvider.get(EvolutionsModule.scala:51)
	at com.google.inject.internal.ProviderInternalFactory.provision(ProviderInternalFactory.java:85)
	at com.google.inject.internal.BoundProviderFactory.provision(BoundProviderFactory.java:77)
	at com.google.inject.internal.ProviderInternalFactory.circularGet(ProviderInternalFactory.java:59)
	at com.google.inject.internal.BoundProviderFactory.get(BoundProviderFactory.java:61)
	at com.google.inject.internal.ProviderToInternalFactoryAdapter.get(ProviderToInternalFactoryAdapter.java:40)
	at com.google.inject.internal.SingletonScope$1.get(SingletonScope.java:168)
	at com.google.inject.internal.InternalFactoryToProviderAdapter.get(InternalFactoryToProviderAdapter.java:39)
	at com.google.inject.internal.InternalInjectorCreator.loadEagerSingletons(InternalInjectorCreator.java:211)
	at com.google.inject.internal.InternalInjectorCreator.injectDynamically(InternalInjectorCreator.java:182)
	at com.google.inject.internal.InternalInjectorCreator.build(InternalInjectorCreator.java:109)
	at com.google.inject.Guice.createInjector(Guice.java:87)
	at com.google.inject.Guice.createInjector(Guice.java:78)
	at play.api.inject.guice.GuiceBuilder.injector(GuiceInjectorBuilder.scala:201)
	at play.api.inject.guice.GuiceApplicationBuilder.build(GuiceApplicationBuilder.scala:156)
	at play.api.inject.guice.GuiceApplicationLoader.load(GuiceApplicationLoader.scala:22)
	at play.core.server.DevServerStart$$anon$1.$anonfun$reload$3(DevServerStart.scala:193)
	at play.utils.Threads$.withContextClassLoader(Threads.scala:22)
	at play.core.server.DevServerStart$$anon$1.reload(DevServerStart.scala:185)
	at play.core.server.DevServerStart$$anon$1.get(DevServerStart.scala:144)
	at play.core.server.AkkaHttpServer.handleRequest(AkkaHttpServer.scala:304)
	at play.core.server.AkkaHttpServer.$anonfun$createServerBinding$1(AkkaHttpServer.scala:189)
	at akka.stream.impl.fusing.MapAsync$$anon$30.onPush(Ops.scala:1261)
	at akka.stream.impl.fusing.GraphInterpreter.processPush(GraphInterpreter.scala:523)
	at akka.stream.impl.fusing.GraphInterpreter.execute(GraphInterpreter.scala:409)
	at akka.stream.impl.fusing.GraphInterpreterShell.runBatch(ActorGraphInterpreter.scala:606)
	at akka.stream.impl.fusing.GraphInterpreterShell$AsyncInput.execute(ActorGraphInterpreter.scala:485)
	at akka.stream.impl.fusing.GraphInterpreterShell.processEvent(ActorGraphInterpreter.scala:581)
	at akka.stream.impl.fusing.ActorGraphInterpreter.akka$stream$impl$fusing$ActorGraphInterpreter$$processEvent(ActorGraphInterpreter.scala:749)
	at akka.stream.impl.fusing.ActorGraphInterpreter$$anonfun$receive$1.applyOrElse(ActorGraphInterpreter.scala:764)
	at akka.actor.Actor.aroundReceive(Actor.scala:539)
	at akka.actor.Actor.aroundReceive$(Actor.scala:537)
	at akka.stream.impl.fusing.ActorGraphInterpreter.aroundReceive(ActorGraphInterpreter.scala:671)
	at akka.actor.ActorCell.receiveMessage(ActorCell.scala:612)
	at akka.actor.ActorCell.invoke(ActorCell.scala:581)
	at akka.dispatch.Mailbox.processMailbox(Mailbox.scala:268)
	at akka.dispatch.Mailbox.run(Mailbox.scala:229)
	at akka.dispatch.Mailbox.exec(Mailbox.scala:241)
	at akka.dispatch.forkjoin.ForkJoinTask.doExec(ForkJoinTask.java:260)
	at akka.dispatch.forkjoin.ForkJoinPool$WorkQueue.runTask(ForkJoinPool.java:1339)
	at akka.dispatch.forkjoin.ForkJoinPool.runWorker(ForkJoinPool.java:1979)
	at akka.dispatch.forkjoin.ForkJoinWorkerThread.run(ForkJoinWorkerThread.java:107)
2019-08-01 23:16:44,476 [ERROR] from application in play-dev-mode-akka.actor.default-dispatcher-21 - 

! @7cl3fjmhf - Internal server error, for (GET) [/@evolutions/resolve/default/1?redirect=http%3A%2F%2Flocalhost%3A9000%2F] ->
 
play.api.db.evolutions.InconsistentDatabase: Database 'default' is in an inconsistent state![An evolution has not been applied properly. Please check the problem and resolve it manually before marking it as resolved.]
	at play.api.db.evolutions.DatabaseEvolutions.$anonfun$checkEvolutionsState$3(EvolutionsApi.scala:309)
	at play.api.db.evolutions.DatabaseEvolutions.$anonfun$checkEvolutionsState$3$adapted(EvolutionsApi.scala:294)
	at play.api.db.evolutions.DatabaseEvolutions.executeQuery(EvolutionsApi.scala:341)
	at play.api.db.evolutions.DatabaseEvolutions.checkEvolutionsState(EvolutionsApi.scala:294)
	at play.api.db.evolutions.DatabaseEvolutions.databaseEvolutions(EvolutionsApi.scala:145)
	at play.api.db.evolutions.DatabaseEvolutions.scripts(EvolutionsApi.scala:120)
	at play.api.db.evolutions.DatabaseEvolutions.scripts(EvolutionsApi.scala:135)
	at play.api.db.evolutions.DefaultEvolutionsApi.scripts(EvolutionsApi.scala:99)
	at play.api.db.evolutions.ApplicationEvolutions$.$anonfun$runEvolutions$1(ApplicationEvolutions.scala:206)
	at play.api.db.evolutions.ApplicationEvolutions$.withLock(ApplicationEvolutions.scala:232)
	at play.api.db.evolutions.ApplicationEvolutions$.runEvolutions(ApplicationEvolutions.scala:202)
	at play.api.db.evolutions.ApplicationEvolutions.$anonfun$start$1(ApplicationEvolutions.scala:68)
	at play.api.db.evolutions.ApplicationEvolutions.$anonfun$start$1$adapted(ApplicationEvolutions.scala:63)
	at scala.collection.immutable.List.foreach(List.scala:392)
	at play.api.db.evolutions.ApplicationEvolutions.start(ApplicationEvolutions.scala:63)
	at play.api.db.evolutions.ApplicationEvolutions.<init>(ApplicationEvolutions.scala:109)
	at play.api.db.evolutions.ApplicationEvolutionsProvider.get$lzycompute(EvolutionsModule.scala:68)
	at play.api.db.evolutions.ApplicationEvolutionsProvider.get(EvolutionsModule.scala:61)
	at play.api.db.evolutions.ApplicationEvolutionsProvider.get(EvolutionsModule.scala:51)
	at com.google.inject.internal.ProviderInternalFactory.provision(ProviderInternalFactory.java:85)
	at com.google.inject.internal.BoundProviderFactory.provision(BoundProviderFactory.java:77)
	at com.google.inject.internal.ProviderInternalFactory.circularGet(ProviderInternalFactory.java:59)
	at com.google.inject.internal.BoundProviderFactory.get(BoundProviderFactory.java:61)
	at com.google.inject.internal.ProviderToInternalFactoryAdapter.get(ProviderToInternalFactoryAdapter.java:40)
	at com.google.inject.internal.SingletonScope$1.get(SingletonScope.java:168)
	at com.google.inject.internal.InternalFactoryToProviderAdapter.get(InternalFactoryToProviderAdapter.java:39)
	at com.google.inject.internal.InternalInjectorCreator.loadEagerSingletons(InternalInjectorCreator.java:211)
	at com.google.inject.internal.InternalInjectorCreator.injectDynamically(InternalInjectorCreator.java:182)
	at com.google.inject.internal.InternalInjectorCreator.build(InternalInjectorCreator.java:109)
	at com.google.inject.Guice.createInjector(Guice.java:87)
	at com.google.inject.Guice.createInjector(Guice.java:78)
	at play.api.inject.guice.GuiceBuilder.injector(GuiceInjectorBuilder.scala:201)
	at play.api.inject.guice.GuiceApplicationBuilder.build(GuiceApplicationBuilder.scala:156)
	at play.api.inject.guice.GuiceApplicationLoader.load(GuiceApplicationLoader.scala:22)
	at play.core.server.DevServerStart$$anon$1.$anonfun$reload$3(DevServerStart.scala:193)
	at play.utils.Threads$.withContextClassLoader(Threads.scala:22)
	at play.core.server.DevServerStart$$anon$1.reload(DevServerStart.scala:185)
	at play.core.server.DevServerStart$$anon$1.get(DevServerStart.scala:144)
	at play.core.server.AkkaHttpServer.handleRequest(AkkaHttpServer.scala:304)
	at play.core.server.AkkaHttpServer.$anonfun$createServerBinding$1(AkkaHttpServer.scala:189)
	at akka.stream.impl.fusing.MapAsync$$anon$30.onPush(Ops.scala:1261)
	at akka.stream.impl.fusing.GraphInterpreter.processPush(GraphInterpreter.scala:523)
	at akka.stream.impl.fusing.GraphInterpreter.execute(GraphInterpreter.scala:409)
	at akka.stream.impl.fusing.GraphInterpreterShell.runBatch(ActorGraphInterpreter.scala:606)
	at akka.stream.impl.fusing.GraphInterpreterShell$AsyncInput.execute(ActorGraphInterpreter.scala:485)
	at akka.stream.impl.fusing.GraphInterpreterShell.processEvent(ActorGraphInterpreter.scala:581)
	at akka.stream.impl.fusing.ActorGraphInterpreter.akka$stream$impl$fusing$ActorGraphInterpreter$$processEvent(ActorGraphInterpreter.scala:749)
	at akka.stream.impl.fusing.ActorGraphInterpreter$$anonfun$receive$1.applyOrElse(ActorGraphInterpreter.scala:764)
	at akka.actor.Actor.aroundReceive(Actor.scala:539)
	at akka.actor.Actor.aroundReceive$(Actor.scala:537)
	at akka.stream.impl.fusing.ActorGraphInterpreter.aroundReceive(ActorGraphInterpreter.scala:671)
	at akka.actor.ActorCell.receiveMessage(ActorCell.scala:612)
	at akka.actor.ActorCell.invoke(ActorCell.scala:581)
	at akka.dispatch.Mailbox.processMailbox(Mailbox.scala:268)
	at akka.dispatch.Mailbox.run(Mailbox.scala:229)
	at akka.dispatch.Mailbox.exec(Mailbox.scala:241)
	at akka.dispatch.forkjoin.ForkJoinTask.doExec(ForkJoinTask.java:260)
	at akka.dispatch.forkjoin.ForkJoinPool$WorkQueue.runTask(ForkJoinPool.java:1339)
	at akka.dispatch.forkjoin.ForkJoinPool.runWorker(ForkJoinPool.java:1979)
	at akka.dispatch.forkjoin.ForkJoinWorkerThread.run(ForkJoinWorkerThread.java:107)
2019-08-01 23:23:49,132 [ERROR] from application in play-dev-mode-akka.actor.default-dispatcher-23 - 

! @7cl3fjmhf - Internal server error, for (GET) [/@evolutions/resolve/default/1?redirect=http%3A%2F%2Flocalhost%3A9000%2F] ->
 
play.api.db.evolutions.InconsistentDatabase: Database 'default' is in an inconsistent state![An evolution has not been applied properly. Please check the problem and resolve it manually before marking it as resolved.]
	at play.api.db.evolutions.DatabaseEvolutions.$anonfun$checkEvolutionsState$3(EvolutionsApi.scala:309)
	at play.api.db.evolutions.DatabaseEvolutions.$anonfun$checkEvolutionsState$3$adapted(EvolutionsApi.scala:294)
	at play.api.db.evolutions.DatabaseEvolutions.executeQuery(EvolutionsApi.scala:341)
	at play.api.db.evolutions.DatabaseEvolutions.checkEvolutionsState(EvolutionsApi.scala:294)
	at play.api.db.evolutions.DatabaseEvolutions.databaseEvolutions(EvolutionsApi.scala:145)
	at play.api.db.evolutions.DatabaseEvolutions.scripts(EvolutionsApi.scala:120)
	at play.api.db.evolutions.DatabaseEvolutions.scripts(EvolutionsApi.scala:135)
	at play.api.db.evolutions.DefaultEvolutionsApi.scripts(EvolutionsApi.scala:99)
	at play.api.db.evolutions.ApplicationEvolutions$.$anonfun$runEvolutions$1(ApplicationEvolutions.scala:206)
	at play.api.db.evolutions.ApplicationEvolutions$.withLock(ApplicationEvolutions.scala:232)
	at play.api.db.evolutions.ApplicationEvolutions$.runEvolutions(ApplicationEvolutions.scala:202)
	at play.api.db.evolutions.ApplicationEvolutions.$anonfun$start$1(ApplicationEvolutions.scala:68)
	at play.api.db.evolutions.ApplicationEvolutions.$anonfun$start$1$adapted(ApplicationEvolutions.scala:63)
	at scala.collection.immutable.List.foreach(List.scala:392)
	at play.api.db.evolutions.ApplicationEvolutions.start(ApplicationEvolutions.scala:63)
	at play.api.db.evolutions.ApplicationEvolutions.<init>(ApplicationEvolutions.scala:109)
	at play.api.db.evolutions.ApplicationEvolutionsProvider.get$lzycompute(EvolutionsModule.scala:68)
	at play.api.db.evolutions.ApplicationEvolutionsProvider.get(EvolutionsModule.scala:61)
	at play.api.db.evolutions.ApplicationEvolutionsProvider.get(EvolutionsModule.scala:51)
	at com.google.inject.internal.ProviderInternalFactory.provision(ProviderInternalFactory.java:85)
	at com.google.inject.internal.BoundProviderFactory.provision(BoundProviderFactory.java:77)
	at com.google.inject.internal.ProviderInternalFactory.circularGet(ProviderInternalFactory.java:59)
	at com.google.inject.internal.BoundProviderFactory.get(BoundProviderFactory.java:61)
	at com.google.inject.internal.ProviderToInternalFactoryAdapter.get(ProviderToInternalFactoryAdapter.java:40)
	at com.google.inject.internal.SingletonScope$1.get(SingletonScope.java:168)
	at com.google.inject.internal.InternalFactoryToProviderAdapter.get(InternalFactoryToProviderAdapter.java:39)
	at com.google.inject.internal.InternalInjectorCreator.loadEagerSingletons(InternalInjectorCreator.java:211)
	at com.google.inject.internal.InternalInjectorCreator.injectDynamically(InternalInjectorCreator.java:182)
	at com.google.inject.internal.InternalInjectorCreator.build(InternalInjectorCreator.java:109)
	at com.google.inject.Guice.createInjector(Guice.java:87)
	at com.google.inject.Guice.createInjector(Guice.java:78)
	at play.api.inject.guice.GuiceBuilder.injector(GuiceInjectorBuilder.scala:201)
	at play.api.inject.guice.GuiceApplicationBuilder.build(GuiceApplicationBuilder.scala:156)
	at play.api.inject.guice.GuiceApplicationLoader.load(GuiceApplicationLoader.scala:22)
	at play.core.server.DevServerStart$$anon$1.$anonfun$reload$3(DevServerStart.scala:193)
	at play.utils.Threads$.withContextClassLoader(Threads.scala:22)
	at play.core.server.DevServerStart$$anon$1.reload(DevServerStart.scala:185)
	at play.core.server.DevServerStart$$anon$1.get(DevServerStart.scala:144)
	at play.core.server.AkkaHttpServer.handleRequest(AkkaHttpServer.scala:304)
	at play.core.server.AkkaHttpServer.$anonfun$createServerBinding$1(AkkaHttpServer.scala:189)
	at akka.stream.impl.fusing.MapAsync$$anon$30.onPush(Ops.scala:1261)
	at akka.stream.impl.fusing.GraphInterpreter.processPush(GraphInterpreter.scala:523)
	at akka.stream.impl.fusing.GraphInterpreter.execute(GraphInterpreter.scala:409)
	at akka.stream.impl.fusing.GraphInterpreterShell.runBatch(ActorGraphInterpreter.scala:606)
	at akka.stream.impl.fusing.GraphInterpreterShell$AsyncInput.execute(ActorGraphInterpreter.scala:485)
	at akka.stream.impl.fusing.GraphInterpreterShell.processEvent(ActorGraphInterpreter.scala:581)
	at akka.stream.impl.fusing.ActorGraphInterpreter.akka$stream$impl$fusing$ActorGraphInterpreter$$processEvent(ActorGraphInterpreter.scala:749)
	at akka.stream.impl.fusing.ActorGraphInterpreter$$anonfun$receive$1.applyOrElse(ActorGraphInterpreter.scala:764)
	at akka.actor.Actor.aroundReceive(Actor.scala:539)
	at akka.actor.Actor.aroundReceive$(Actor.scala:537)
	at akka.stream.impl.fusing.ActorGraphInterpreter.aroundReceive(ActorGraphInterpreter.scala:671)
	at akka.actor.ActorCell.receiveMessage(ActorCell.scala:612)
	at akka.actor.ActorCell.invoke(ActorCell.scala:581)
	at akka.dispatch.Mailbox.processMailbox(Mailbox.scala:268)
	at akka.dispatch.Mailbox.run(Mailbox.scala:229)
	at akka.dispatch.Mailbox.exec(Mailbox.scala:241)
	at akka.dispatch.forkjoin.ForkJoinTask.doExec(ForkJoinTask.java:260)
	at akka.dispatch.forkjoin.ForkJoinPool$WorkQueue.runTask(ForkJoinPool.java:1339)
	at akka.dispatch.forkjoin.ForkJoinPool.runWorker(ForkJoinPool.java:1979)
	at akka.dispatch.forkjoin.ForkJoinWorkerThread.run(ForkJoinWorkerThread.java:107)
2019-08-01 23:23:53,816 [ERROR] from application in play-dev-mode-akka.actor.default-dispatcher-23 - 

! @7cl3fjmhf - Internal server error, for (GET) [/@evolutions/resolve/default/1?redirect=http%3A%2F%2Flocalhost%3A9000%2F] ->
 
play.api.db.evolutions.InconsistentDatabase: Database 'default' is in an inconsistent state![An evolution has not been applied properly. Please check the problem and resolve it manually before marking it as resolved.]
	at play.api.db.evolutions.DatabaseEvolutions.$anonfun$checkEvolutionsState$3(EvolutionsApi.scala:309)
	at play.api.db.evolutions.DatabaseEvolutions.$anonfun$checkEvolutionsState$3$adapted(EvolutionsApi.scala:294)
	at play.api.db.evolutions.DatabaseEvolutions.executeQuery(EvolutionsApi.scala:341)
	at play.api.db.evolutions.DatabaseEvolutions.checkEvolutionsState(EvolutionsApi.scala:294)
	at play.api.db.evolutions.DatabaseEvolutions.databaseEvolutions(EvolutionsApi.scala:145)
	at play.api.db.evolutions.DatabaseEvolutions.scripts(EvolutionsApi.scala:120)
	at play.api.db.evolutions.DatabaseEvolutions.scripts(EvolutionsApi.scala:135)
	at play.api.db.evolutions.DefaultEvolutionsApi.scripts(EvolutionsApi.scala:99)
	at play.api.db.evolutions.ApplicationEvolutions$.$anonfun$runEvolutions$1(ApplicationEvolutions.scala:206)
	at play.api.db.evolutions.ApplicationEvolutions$.withLock(ApplicationEvolutions.scala:232)
	at play.api.db.evolutions.ApplicationEvolutions$.runEvolutions(ApplicationEvolutions.scala:202)
	at play.api.db.evolutions.ApplicationEvolutions.$anonfun$start$1(ApplicationEvolutions.scala:68)
	at play.api.db.evolutions.ApplicationEvolutions.$anonfun$start$1$adapted(ApplicationEvolutions.scala:63)
	at scala.collection.immutable.List.foreach(List.scala:392)
	at play.api.db.evolutions.ApplicationEvolutions.start(ApplicationEvolutions.scala:63)
	at play.api.db.evolutions.ApplicationEvolutions.<init>(ApplicationEvolutions.scala:109)
	at play.api.db.evolutions.ApplicationEvolutionsProvider.get$lzycompute(EvolutionsModule.scala:68)
	at play.api.db.evolutions.ApplicationEvolutionsProvider.get(EvolutionsModule.scala:61)
	at play.api.db.evolutions.ApplicationEvolutionsProvider.get(EvolutionsModule.scala:51)
	at com.google.inject.internal.ProviderInternalFactory.provision(ProviderInternalFactory.java:85)
	at com.google.inject.internal.BoundProviderFactory.provision(BoundProviderFactory.java:77)
	at com.google.inject.internal.ProviderInternalFactory.circularGet(ProviderInternalFactory.java:59)
	at com.google.inject.internal.BoundProviderFactory.get(BoundProviderFactory.java:61)
	at com.google.inject.internal.ProviderToInternalFactoryAdapter.get(ProviderToInternalFactoryAdapter.java:40)
	at com.google.inject.internal.SingletonScope$1.get(SingletonScope.java:168)
	at com.google.inject.internal.InternalFactoryToProviderAdapter.get(InternalFactoryToProviderAdapter.java:39)
	at com.google.inject.internal.InternalInjectorCreator.loadEagerSingletons(InternalInjectorCreator.java:211)
	at com.google.inject.internal.InternalInjectorCreator.injectDynamically(InternalInjectorCreator.java:182)
	at com.google.inject.internal.InternalInjectorCreator.build(InternalInjectorCreator.java:109)
	at com.google.inject.Guice.createInjector(Guice.java:87)
	at com.google.inject.Guice.createInjector(Guice.java:78)
	at play.api.inject.guice.GuiceBuilder.injector(GuiceInjectorBuilder.scala:201)
	at play.api.inject.guice.GuiceApplicationBuilder.build(GuiceApplicationBuilder.scala:156)
	at play.api.inject.guice.GuiceApplicationLoader.load(GuiceApplicationLoader.scala:22)
	at play.core.server.DevServerStart$$anon$1.$anonfun$reload$3(DevServerStart.scala:193)
	at play.utils.Threads$.withContextClassLoader(Threads.scala:22)
	at play.core.server.DevServerStart$$anon$1.reload(DevServerStart.scala:185)
	at play.core.server.DevServerStart$$anon$1.get(DevServerStart.scala:144)
	at play.core.server.AkkaHttpServer.handleRequest(AkkaHttpServer.scala:304)
	at play.core.server.AkkaHttpServer.$anonfun$createServerBinding$1(AkkaHttpServer.scala:189)
	at akka.stream.impl.fusing.MapAsync$$anon$30.onPush(Ops.scala:1261)
	at akka.stream.impl.fusing.GraphInterpreter.processPush(GraphInterpreter.scala:523)
	at akka.stream.impl.fusing.GraphInterpreter.execute(GraphInterpreter.scala:409)
	at akka.stream.impl.fusing.GraphInterpreterShell.runBatch(ActorGraphInterpreter.scala:606)
	at akka.stream.impl.fusing.GraphInterpreterShell$AsyncInput.execute(ActorGraphInterpreter.scala:485)
	at akka.stream.impl.fusing.GraphInterpreterShell.processEvent(ActorGraphInterpreter.scala:581)
	at akka.stream.impl.fusing.ActorGraphInterpreter.akka$stream$impl$fusing$ActorGraphInterpreter$$processEvent(ActorGraphInterpreter.scala:749)
	at akka.stream.impl.fusing.ActorGraphInterpreter$$anonfun$receive$1.applyOrElse(ActorGraphInterpreter.scala:764)
	at akka.actor.Actor.aroundReceive(Actor.scala:539)
	at akka.actor.Actor.aroundReceive$(Actor.scala:537)
	at akka.stream.impl.fusing.ActorGraphInterpreter.aroundReceive(ActorGraphInterpreter.scala:671)
	at akka.actor.ActorCell.receiveMessage(ActorCell.scala:612)
	at akka.actor.ActorCell.invoke(ActorCell.scala:581)
	at akka.dispatch.Mailbox.processMailbox(Mailbox.scala:268)
	at akka.dispatch.Mailbox.run(Mailbox.scala:229)
	at akka.dispatch.Mailbox.exec(Mailbox.scala:241)
	at akka.dispatch.forkjoin.ForkJoinTask.doExec(ForkJoinTask.java:260)
	at akka.dispatch.forkjoin.ForkJoinPool$WorkQueue.runTask(ForkJoinPool.java:1339)
	at akka.dispatch.forkjoin.ForkJoinPool.runWorker(ForkJoinPool.java:1979)
	at akka.dispatch.forkjoin.ForkJoinWorkerThread.run(ForkJoinWorkerThread.java:107)
2019-08-01 23:24:05,075 [ERROR] from application in play-dev-mode-akka.actor.default-dispatcher-24 - 

! @7cl3fjmhf - Internal server error, for (GET) [/@evolutions/resolve/default/1?redirect=http%3A%2F%2Flocalhost%3A9000%2F] ->
 
play.api.db.evolutions.InconsistentDatabase: Database 'default' is in an inconsistent state![An evolution has not been applied properly. Please check the problem and resolve it manually before marking it as resolved.]
	at play.api.db.evolutions.DatabaseEvolutions.$anonfun$checkEvolutionsState$3(EvolutionsApi.scala:309)
	at play.api.db.evolutions.DatabaseEvolutions.$anonfun$checkEvolutionsState$3$adapted(EvolutionsApi.scala:294)
	at play.api.db.evolutions.DatabaseEvolutions.executeQuery(EvolutionsApi.scala:341)
	at play.api.db.evolutions.DatabaseEvolutions.checkEvolutionsState(EvolutionsApi.scala:294)
	at play.api.db.evolutions.DatabaseEvolutions.databaseEvolutions(EvolutionsApi.scala:145)
	at play.api.db.evolutions.DatabaseEvolutions.scripts(EvolutionsApi.scala:120)
	at play.api.db.evolutions.DatabaseEvolutions.scripts(EvolutionsApi.scala:135)
	at play.api.db.evolutions.DefaultEvolutionsApi.scripts(EvolutionsApi.scala:99)
	at play.api.db.evolutions.ApplicationEvolutions$.$anonfun$runEvolutions$1(ApplicationEvolutions.scala:206)
	at play.api.db.evolutions.ApplicationEvolutions$.withLock(ApplicationEvolutions.scala:232)
	at play.api.db.evolutions.ApplicationEvolutions$.runEvolutions(ApplicationEvolutions.scala:202)
	at play.api.db.evolutions.ApplicationEvolutions.$anonfun$start$1(ApplicationEvolutions.scala:68)
	at play.api.db.evolutions.ApplicationEvolutions.$anonfun$start$1$adapted(ApplicationEvolutions.scala:63)
	at scala.collection.immutable.List.foreach(List.scala:392)
	at play.api.db.evolutions.ApplicationEvolutions.start(ApplicationEvolutions.scala:63)
	at play.api.db.evolutions.ApplicationEvolutions.<init>(ApplicationEvolutions.scala:109)
	at play.api.db.evolutions.ApplicationEvolutionsProvider.get$lzycompute(EvolutionsModule.scala:68)
	at play.api.db.evolutions.ApplicationEvolutionsProvider.get(EvolutionsModule.scala:61)
	at play.api.db.evolutions.ApplicationEvolutionsProvider.get(EvolutionsModule.scala:51)
	at com.google.inject.internal.ProviderInternalFactory.provision(ProviderInternalFactory.java:85)
	at com.google.inject.internal.BoundProviderFactory.provision(BoundProviderFactory.java:77)
	at com.google.inject.internal.ProviderInternalFactory.circularGet(ProviderInternalFactory.java:59)
	at com.google.inject.internal.BoundProviderFactory.get(BoundProviderFactory.java:61)
	at com.google.inject.internal.ProviderToInternalFactoryAdapter.get(ProviderToInternalFactoryAdapter.java:40)
	at com.google.inject.internal.SingletonScope$1.get(SingletonScope.java:168)
	at com.google.inject.internal.InternalFactoryToProviderAdapter.get(InternalFactoryToProviderAdapter.java:39)
	at com.google.inject.internal.InternalInjectorCreator.loadEagerSingletons(InternalInjectorCreator.java:211)
	at com.google.inject.internal.InternalInjectorCreator.injectDynamically(InternalInjectorCreator.java:182)
	at com.google.inject.internal.InternalInjectorCreator.build(InternalInjectorCreator.java:109)
	at com.google.inject.Guice.createInjector(Guice.java:87)
	at com.google.inject.Guice.createInjector(Guice.java:78)
	at play.api.inject.guice.GuiceBuilder.injector(GuiceInjectorBuilder.scala:201)
	at play.api.inject.guice.GuiceApplicationBuilder.build(GuiceApplicationBuilder.scala:156)
	at play.api.inject.guice.GuiceApplicationLoader.load(GuiceApplicationLoader.scala:22)
	at play.core.server.DevServerStart$$anon$1.$anonfun$reload$3(DevServerStart.scala:193)
	at play.utils.Threads$.withContextClassLoader(Threads.scala:22)
	at play.core.server.DevServerStart$$anon$1.reload(DevServerStart.scala:185)
	at play.core.server.DevServerStart$$anon$1.get(DevServerStart.scala:144)
	at play.core.server.AkkaHttpServer.handleRequest(AkkaHttpServer.scala:304)
	at play.core.server.AkkaHttpServer.$anonfun$createServerBinding$1(AkkaHttpServer.scala:189)
	at akka.stream.impl.fusing.MapAsync$$anon$30.onPush(Ops.scala:1261)
	at akka.stream.impl.fusing.GraphInterpreter.processPush(GraphInterpreter.scala:523)
	at akka.stream.impl.fusing.GraphInterpreter.execute(GraphInterpreter.scala:409)
	at akka.stream.impl.fusing.GraphInterpreterShell.runBatch(ActorGraphInterpreter.scala:606)
	at akka.stream.impl.fusing.GraphInterpreterShell$AsyncInput.execute(ActorGraphInterpreter.scala:485)
	at akka.stream.impl.fusing.GraphInterpreterShell.processEvent(ActorGraphInterpreter.scala:581)
	at akka.stream.impl.fusing.ActorGraphInterpreter.akka$stream$impl$fusing$ActorGraphInterpreter$$processEvent(ActorGraphInterpreter.scala:749)
	at akka.stream.impl.fusing.ActorGraphInterpreter$$anonfun$receive$1.applyOrElse(ActorGraphInterpreter.scala:764)
	at akka.actor.Actor.aroundReceive(Actor.scala:539)
	at akka.actor.Actor.aroundReceive$(Actor.scala:537)
	at akka.stream.impl.fusing.ActorGraphInterpreter.aroundReceive(ActorGraphInterpreter.scala:671)
	at akka.actor.ActorCell.receiveMessage(ActorCell.scala:612)
	at akka.actor.ActorCell.invoke(ActorCell.scala:581)
	at akka.dispatch.Mailbox.processMailbox(Mailbox.scala:268)
	at akka.dispatch.Mailbox.run(Mailbox.scala:229)
	at akka.dispatch.Mailbox.exec(Mailbox.scala:241)
	at akka.dispatch.forkjoin.ForkJoinTask.doExec(ForkJoinTask.java:260)
	at akka.dispatch.forkjoin.ForkJoinPool$WorkQueue.runTask(ForkJoinPool.java:1339)
	at akka.dispatch.forkjoin.ForkJoinPool.runWorker(ForkJoinPool.java:1979)
	at akka.dispatch.forkjoin.ForkJoinWorkerThread.run(ForkJoinWorkerThread.java:107)
